Arguments: 
  /usr/local/bin/node /usr/local/bin/yarn install

PATH: 
  /usr/local/bin:/usr/bin:/bin:/usr/sbin:/sbin

Yarn version: 
  1.1.0

Node version: 
  6.11.3

Platform: 
  darwin x64

npm manifest: 
  {
    "name": "react-reactstrap-task",
    "version": "0.0.0",
    "description": "",
    "author": "@leo",
    "url": "",
    "license": "MIT",
    "private": true,
    "homepage": ".",
    "devDependencies": {
      "babel-core": "^6.26.0",
      "babel-loader": "^7.1.2",
      "babel-plugin-transform-object-rest-spread": "^6.26.0",
      "babel-preset-env": "^1.6.0",
      "babel-preset-react": "^6.24.1",
      "copy-webpack-plugin": "^4.0.1",
      "css-hot-loader": "^1.3.1",
      "css-loader": "^0.28.7",
      "extract-text-webpack-plugin": "^3.0.0",
      "file-loader": "^0.11.2",
      "html-loader": "^0.5.1",
      "html-webpack-plugin": "^2.30.1",
      "node-sass": "^4.5.3",
      "sass-loader": "^6.0.6",
      "source-list-map": "^2.0.0",
      "style-loader": "^0.18.2",
      "uglify-js": "^3.1.1",
      "webpack": "^3.6.0",
      "webpack-dev-server": "^2.8.2"
    },
    "dependencies": {
      "bootstrap": "^4.0.0-beta",
      "react": "^15.6.1",
      "react-dom": "^15.6.1",
      "reactstrap": "^4.8.0",
    },
    "scripts": {
      "dev": "webpack -d --progress --watch --profile --json > compilation-stats.json --env.dev",
      "start": "webpack-dev-server --progress --colors --inline --env.dev",
      "build": "webpack -p --progress --env.prod"
    },
    "engines": {
      "node": ">= 6.0.0",
      "npm": ">= 5.0.0"
    }
  }

yarn manifest: 
  No manifest

Lockfile: 
  No lockfile

Trace: 
  SyntaxError: /Users/achyutkrishnadeka/stack/leo/react-reactstrap/package.json: Unexpected token } in JSON at position 970
      at Object.parse (native)
      at /usr/local/lib/node_modules/yarn/lib/cli.js:764:59
      at next (native)
      at step (/usr/local/lib/node_modules/yarn/lib/cli.js:92:30)
      at /usr/local/lib/node_modules/yarn/lib/cli.js:103:13
